\BOOKMARK [0][-]{chapter.1}{\376\377\000M\000A\000R\000C\000O\000\040\000R\000E\000F\000E\000R\000E\000N\000C\000I\000A\000L}{}% 1
\BOOKMARK [1][-]{section.1.1}{\376\377\000I\000n\000t\000r\000o\000d\000u\000c\000c\000i\000\363\000n}{chapter.1}% 2
\BOOKMARK [1][-]{section.1.2}{\376\377\000P\000r\000o\000b\000l\000e\000m\000a}{chapter.1}% 3
\BOOKMARK [2][-]{subsection.1.2.1}{\376\377\000A\000n\000t\000e\000c\000e\000d\000e\000n\000t\000e\000s\000\040\000d\000e\000l\000\040\000p\000r\000o\000b\000l\000e\000m\000a}{section.1.2}% 4
\BOOKMARK [3][-]{section*.4}{\376\377\000A\000l\000g\000o\000r\000i\000t\000m\000o\000s\000\040\000u\000t\000i\000l\000i\000z\000a\000d\000o\000s\000\040\000p\000o\000r\000\040\000l\000a\000s\000\040\000h\000e\000r\000r\000a\000m\000i\000e\000n\000t\000a\000s}{subsection.1.2.1}% 5
\BOOKMARK [3][-]{table.caption.5}{\376\377\000H\000e\000r\000r\000a\000m\000i\000e\000n\000t\000a\000s\000\040\000p\000a\000r\000a\000\040\000l\000a\000\040\000d\000e\000t\000e\000c\000c\000i\000\363\000n\000\040\000d\000e\000\040\000s\000i\000m\000i\000l\000i\000t\000u\000d\000\040\000d\000e\000\040\000c\000\363\000d\000i\000g\000o}{subsection.1.2.1}% 6
\BOOKMARK [2][-]{subsection.1.2.2}{\376\377\000P\000l\000a\000n\000t\000e\000a\000m\000i\000e\000n\000t\000o\000\040\000d\000e\000l\000\040\000p\000r\000o\000b\000l\000e\000m\000a}{section.1.2}% 7
\BOOKMARK [2][-]{subsection.1.2.3}{\376\377\000F\000o\000r\000m\000u\000l\000a\000c\000i\000\363\000n\000\040\000d\000e\000l\000\040\000p\000r\000o\000b\000l\000e\000m\000a}{section.1.2}% 8
\BOOKMARK [1][-]{section.1.3}{\376\377\000O\000b\000j\000e\000t\000i\000v\000o\000s}{chapter.1}% 9
\BOOKMARK [2][-]{subsection.1.3.1}{\376\377\000O\000b\000j\000e\000t\000i\000v\000o\000\040\000g\000e\000n\000e\000r\000a\000l}{section.1.3}% 10
\BOOKMARK [2][-]{subsection.1.3.2}{\376\377\000O\000b\000j\000e\000t\000i\000v\000o\000s\000\040\000e\000s\000p\000e\000c\000\355\000f\000i\000c\000o\000s}{section.1.3}% 11
\BOOKMARK [1][-]{section.1.4}{\376\377\000H\000i\000p\000\363\000t\000e\000s\000i\000s}{chapter.1}% 12
\BOOKMARK [2][-]{subsection.1.4.1}{\376\377\000V\000a\000r\000i\000a\000b\000l\000e\000s\000\040\000I\000n\000d\000e\000p\000e\000n\000d\000i\000e\000n\000t\000e\000s}{section.1.4}% 13
\BOOKMARK [2][-]{subsection.1.4.2}{\376\377\000V\000a\000r\000i\000a\000b\000l\000e\000s\000\040\000D\000e\000p\000e\000n\000d\000i\000e\000n\000t\000e\000s}{section.1.4}% 14
\BOOKMARK [1][-]{section.1.5}{\376\377\000J\000u\000s\000t\000i\000f\000i\000c\000a\000c\000i\000o\000n\000e\000s}{chapter.1}% 15
\BOOKMARK [2][-]{subsection.1.5.1}{\376\377\000J\000u\000s\000t\000i\000f\000i\000c\000a\000c\000i\000\363\000n\000\040\000S\000o\000c\000i\000a\000l}{section.1.5}% 16
\BOOKMARK [2][-]{subsection.1.5.2}{\376\377\000J\000u\000s\000t\000i\000f\000i\000c\000a\000c\000i\000\363\000n\000\040\000E\000c\000o\000n\000\363\000m\000i\000c\000a}{section.1.5}% 17
\BOOKMARK [2][-]{subsection.1.5.3}{\376\377\000J\000u\000s\000t\000i\000f\000i\000c\000a\000c\000i\000\363\000n\000\040\000T\000e\000c\000n\000o\000l\000\363\000g\000i\000c\000a}{section.1.5}% 18
\BOOKMARK [2][-]{subsection.1.5.4}{\376\377\000J\000u\000s\000t\000i\000f\000i\000c\000a\000c\000i\000\363\000n\000\040\000C\000i\000e\000n\000t\000\355\000f\000i\000c\000a}{section.1.5}% 19
\BOOKMARK [1][-]{section.1.6}{\376\377\000A\000l\000c\000a\000n\000c\000e\000s\000\040\000y\000\040\000L\000i\000m\000i\000t\000e\000s}{chapter.1}% 20
\BOOKMARK [2][-]{subsection.1.6.1}{\376\377\000A\000l\000c\000a\000n\000c\000e\000\040\000S\000u\000s\000t\000a\000n\000c\000i\000a\000l}{section.1.6}% 21
\BOOKMARK [2][-]{subsection.1.6.2}{\376\377\000A\000l\000c\000a\000n\000c\000e\000\040\000E\000s\000p\000a\000c\000i\000a\000l}{section.1.6}% 22
\BOOKMARK [2][-]{subsection.1.6.3}{\376\377\000A\000l\000c\000a\000n\000c\000e\000\040\000T\000e\000m\000p\000o\000r\000a\000l}{section.1.6}% 23
\BOOKMARK [1][-]{section.1.7}{\376\377\000M\000e\000t\000o\000d\000o\000l\000o\000g\000\355\000a}{chapter.1}% 24
\BOOKMARK [2][-]{subsection.1.7.1}{\376\377\000M\000e\000t\000o\000d\000o\000l\000o\000g\000\355\000a\000\040\000E\000x\000p\000e\000r\000i\000m\000e\000n\000t\000a\000l}{section.1.7}% 25
\BOOKMARK [0][-]{chapter.2}{\376\377\000M\000A\000R\000C\000O\000\040\000T\000E\000\323\000R\000I\000C\000O}{}% 26
\BOOKMARK [1][-]{section.2.1}{\376\377\000C\000o\000n\000c\000e\000p\000t\000o\000s\000\040\000d\000e\000\040\000c\000\363\000d\000i\000g\000o\000\040\000f\000u\000e\000n\000t\000e}{chapter.2}% 27
\BOOKMARK [2][-]{subsection.2.1.1}{\376\377\000C\000\363\000d\000i\000g\000o\000\040\000f\000u\000e\000n\000t\000e}{section.2.1}% 28
\BOOKMARK [2][-]{subsection.2.1.2}{\376\377\000O\000f\000u\000s\000c\000a\000c\000i\000\363\000n\000\040\000d\000e\000\040\000c\000\363\000d\000i\000g\000o\000\040\000f\000u\000e\000n\000t\000e}{section.2.1}% 29
\BOOKMARK [2][-]{subsection.2.1.3}{\376\377\000M\000\351\000t\000o\000d\000o\000s\000\040\000d\000e\000\040\000o\000f\000u\000s\000c\000a\000c\000i\000\363\000n\000\040\000d\000e\000\040\000c\000\363\000d\000i\000g\000o\000\040\000f\000u\000e\000n\000t\000e}{section.2.1}% 30
\BOOKMARK [1][-]{section.2.2}{\376\377\000C\000o\000n\000c\000e\000p\000t\000o\000s\000\040\000d\000e\000\040\000c\000o\000m\000p\000i\000l\000a\000d\000o\000r\000e\000s}{chapter.2}% 31
\BOOKMARK [2][-]{subsection.2.2.1}{\376\377\000P\000r\000o\000c\000e\000s\000a\000d\000o\000r\000\040\000d\000e\000\040\000l\000e\000n\000g\000u\000a\000j\000e}{section.2.2}% 32
\BOOKMARK [2][-]{subsection.2.2.2}{\376\377\000A\000n\000\341\000l\000i\000s\000i\000s\000\040\000L\000\351\000x\000i\000c\000o}{section.2.2}% 33
\BOOKMARK [2][-]{subsection.2.2.3}{\376\377\000A\000n\000\341\000l\000i\000s\000i\000s\000\040\000S\000i\000n\000t\000\341\000c\000t\000i\000c\000o}{section.2.2}% 34
\BOOKMARK [2][-]{subsection.2.2.4}{\376\377\000A\000n\000\341\000l\000i\000s\000i\000s\000\040\000S\000e\000m\000\341\000n\000t\000i\000c\000o}{section.2.2}% 35
\BOOKMARK [2][-]{subsection.2.2.5}{\376\377\000\301\000r\000b\000o\000l\000e\000s\000\040\000d\000e\000\040\000s\000i\000n\000t\000a\000x\000i\000s\000\040\000a\000b\000s\000t\000r\000a\000c\000t\000a}{section.2.2}% 36
\BOOKMARK [1][-]{section.2.3}{\376\377\000C\000o\000n\000c\000e\000p\000t\000o\000s\000\040\000d\000e\000\040\000a\000l\000g\000o\000r\000\355\000t\000m\000i\000c\000a}{chapter.2}% 37
\BOOKMARK [2][-]{subsection.2.3.1}{\376\377\000P\000r\000o\000g\000r\000a\000m\000a\000c\000i\000\363\000n\000\040\000d\000i\000n\000\341\000m\000i\000c\000a}{section.2.3}% 38
\BOOKMARK [2][-]{subsection.2.3.2}{\376\377\000D\000i\000s\000t\000a\000n\000c\000i\000a\000\040\000d\000e\000\040\000e\000d\000i\000c\000i\000\363\000n\000\040\000d\000e\000l\000\040\000\341\000r\000b\000o\000l}{section.2.3}% 39
\BOOKMARK [2][-]{subsection.2.3.3}{\376\377\000C\000o\000n\000j\000u\000n\000t\000o\000s\000\040\000D\000i\000s\000j\000u\000n\000t\000o\000s}{section.2.3}% 40
\BOOKMARK [0][-]{subsection.2.3.3}{\376\377\000B\000I\000B\000L\000I\000O\000G\000R\000A\000F\000\315\000A}{}% 41
